#
# A fatal error has been detected by the Java Runtime Environment:
#
#  SIGFPE (0x8) at pc=0x00007fff5ef5a21a, pid=8039, tid=0x0000000000000307
#
# JRE version: Java(TM) SE Runtime Environment (8.0_301-b09) (build 1.8.0_301-b09)
# Java VM: Java HotSpot(TM) 64-Bit Server VM (25.301-b09 mixed mode bsd-amd64 compressed oops)
# Problematic frame:
# C  [libsystem_kernel.dylib+0x121a]  mach_msg_trap+0xa
#
# Failed to write core dump. Core dumps have been disabled. To enable core dumping, try "ulimit -c unlimited" before starting Java again
#
# If you would like to submit a bug report, please visit:
#   http://bugreport.java.com/bugreport/crash.jsp
#

---------------  T H R E A D  ---------------

Current thread is native thread

siginfo: si_signo: 8 (SIGFPE), si_code: 0 (unknown), si_addr: 0x00007fff5ef5a21a

Registers:
RAX=0x0000000010004005, RBX=0x0000000007000806, RCX=0x00007ffeead3d498, RDX=0x0000000000000000
RSP=0x00007ffeead3d498, RBP=0x00007ffeead3d4f0, RSI=0x0000000007000806, RDI=0x00007ffeead3d650
R8 =0x0000000000000d03, R9 =0x00000000ffffffff, R10=0x0000000000000c00, R11=0x0000000000000206
R12=0x0000000007000806, R13=0x0000000000000c00, R14=0x00007ffeead3d650, R15=0x0000000000000000
RIP=0x00007fff5ef5a21a, EFLAGS=0x0000000000000206, ERR=0x000000000100001f
  TRAPNO=0x0000000000000085

Top of Stack: (sp=0x00007ffeead3d498)
0x00007ffeead3d498:   00007fff5ef5a768 0000000000000000
0x00007ffeead3d4a8:   00000000ffffffff 00007ffeead3d4f0
0x00007ffeead3d4b8:   00007fff5ef5acc2 00000d03ffffffff
0x00007ffeead3d4c8:   00000000ffffffff 00007ff2bb40ef00
0x00007ffeead3d4d8:   00007ffeead3d650 0000000000000d03
0x00007ffeead3d4e8:   00007ff2bb40edd0 00007ffeead3d570
0x00007ffeead3d4f8:   00007fff32d36e0e 00007ffe00000000
0x00007ffeead3d508:   00007ffeead3d5d8 00000000ffffffff
0x00007ffeead3d518:   00007ffeead3d628 00007ffeead3d5e0
0x00007ffeead3d528:   07000806ead3d558 0000000007000801
0x00007ffeead3d538:   00007ffeead3d608 00000d03ffffffff
0x00007ffeead3d548:   00007ff2bb40edd0 0000000000000000
0x00007ffeead3d558:   00000000ffffffff 0000000000000d03
0x00007ffeead3d568:   00007ff2bb40ef00 00007ffeead3e280
0x00007ffeead3d578:   00007fff32d3637c 00007ff2bb40edd0
0x00007ffeead3d588:   00007ff2bb40ef00 00007fff30eaea6e
0x00007ffeead3d598:   0000000000001403 0000000000001003
0x00007ffeead3d5a8:   00007fff8dedc920 00007fff30eb083f
0x00007ffeead3d5b8:   00007fff30eb6de5 00007fff30eaea1a
0x00007ffeead3d5c8:   41c39b274be9551d 00007ff2bb40f1a0
0x00007ffeead3d5d8:   ffffffffffffffff 0000000000000000
0x00007ffeead3d5e8:   00007ff2bb40f1b0 00007ff2bb40ede0
0x00007ffeead3d5f8:   00007ff2bb40ef10 0000000000000000
0x00007ffeead3d608:   00007ffeead3d650 00000000ead3d630
0x00007ffeead3d618:   4415af1d78b58c00 000014035eea98f0
0x00007ffeead3d628:   0000100300000000 00007ffeead3d670
0x00007ffeead3d638:   0000000112e6bf1c 0000000000000001
0x00007ffeead3d648:   0000000112ece168 00000c0000000000
0x00007ffeead3d658:   00000d0300000000 0000000012ec8938
0x00007ffeead3d668:   0000000104ec938b 00007ffeead3d7d0
0x00007ffeead3d678:   00007fff5efd1bbb 0000000000000000
0x00007ffeead3d688:   0000000000000000 0000000000000008 

Instructions: (pc=0x00007fff5ef5a21a)
0x00007fff5ef5a1fa:   ca b8 1c 00 00 01 0f 05 c3 90 49 89 ca b8 1d 00
0x00007fff5ef5a20a:   00 01 0f 05 c3 90 49 89 ca b8 1f 00 00 01 0f 05
0x00007fff5ef5a21a:   c3 90 49 89 ca b8 20 00 00 01 0f 05 c3 90 49 89
0x00007fff5ef5a22a:   ca b8 21 00 00 01 0f 05 c3 90 49 89 ca b8 22 00 

Register to memory mapping:

RAX=0x0000000010004005 is an unknown value
RBX=0x0000000007000806 is an unknown value
RCX=0x00007ffeead3d498 is an unknown value
RDX=0x0000000000000000 is an unknown value
RSP=0x00007ffeead3d498 is an unknown value
RBP=0x00007ffeead3d4f0 is an unknown value
RSI=0x0000000007000806 is an unknown value
RDI=0x00007ffeead3d650 is an unknown value
R8 =0x0000000000000d03 is an unknown value
R9 =0x00000000ffffffff is an unknown value
R10=0x0000000000000c00 is an unknown value
R11=0x0000000000000206 is an unknown value
R12=0x0000000007000806 is an unknown value
R13=0x0000000000000c00 is an unknown value
R14=0x00007ffeead3d650 is an unknown value
R15=0x0000000000000000 is an unknown value


Stack: [0x00007ffeea545000,0x00007ffeead45000],  sp=0x00007ffeead3d498,  free space=8161k
Native frames: (J=compiled Java code, j=interpreted, Vv=VM code, C=native code)
C  [libsystem_kernel.dylib+0x121a]  mach_msg_trap+0xa
C  [CoreFoundation+0x3be0e]  __CFRunLoopServiceMachPort+0x148
C  [CoreFoundation+0x3b37c]  __CFRunLoopRun+0x64c
C  [CoreFoundation+0x3aade]  CFRunLoopRunSpecific+0x1c7
C  [java+0x58cc]  CreateExecutionEnvironment+0x36b
C  [java+0x1ec6]  JLI_Launch+0x756
C  [java+0x81ea]  main+0x44
C  [libdyld.dylib+0x163d5]  start+0x1


---------------  P R O C E S S  ---------------

VM state:not at safepoint (normal execution)

VM Mutex/Monitor currently owned by a thread: None

heap address: 0x00000006c0000000, size: 4096 MB, Compressed Oops mode: Zero based, Oop shift amount: 3
Narrow klass base: 0x0000000000000000, Narrow klass shift: 3
Compressed class space size: 1073741824 Address: 0x00000007c0000000

Heap:
 PSYoungGen      total 323584K, used 245400K [0x000000076ab00000, 0x000000077fd00000, 0x00000007c0000000)
  eden space 307712K, 79% used [0x000000076ab00000,0x0000000779aa6220,0x000000077d780000)
  from space 15872K, 0% used [0x000000077ed80000,0x000000077ed80000,0x000000077fd00000)
  to   space 18944K, 0% used [0x000000077d800000,0x000000077d800000,0x000000077ea80000)
 ParOldGen       total 201728K, used 28606K [0x00000006c0000000, 0x00000006cc500000, 0x000000076ab00000)
  object space 201728K, 14% used [0x00000006c0000000,0x00000006c1bef9e8,0x00000006cc500000)
 Metaspace       used 69216K, capacity 73952K, committed 74264K, reserved 1112064K
  class space    used 10147K, capacity 10949K, committed 11056K, reserved 1048576K

Card table byte_map: [0x00000001079c6000,0x00000001081c7000] byte_map_base: 0x00000001043c6000

Marking Bits: (ParMarkBitMap*) 0x0000000106f24298
 Begin Bits: [0x000000010871d000, 0x000000010c71d000)
 End Bits:   [0x000000010c71d000, 0x000000011071d000)

Polling page: 0x0000000104f3b000

CodeCache: size=245760Kb used=9858Kb max_used=9858Kb free=235901Kb
 bounds [0x0000000112f25000, 0x00000001138d5000, 0x0000000121f25000]
 total_blobs=5538 nmethods=4992 adapters=457
 compilation: enabled

Compilation events (10 events):
Event: 240.596 Thread 0x00007ff2bc843000 4989       1       java.net.InetAddress::holder (5 bytes)
Event: 240.596 Thread 0x00007ff2bc843000 nmethod 4989 0x00000001138c1d90 code [0x00000001138c1ee0, 0x00000001138c1ff0]
Event: 240.597 Thread 0x00007ff2bc843000 4990   !   1       java.io.ObjectInputStream$BlockDataInputStream::refill (136 bytes)
Event: 240.597 Thread 0x00007ff2bc843000 nmethod 4990 0x00000001138c2050 code [0x00000001138c21e0, 0x00000001138c24c8]
Event: 240.597 Thread 0x00007ff2bc843000 4991   !   1       java.io.ObjectInputStream$BlockDataInputStream::readBlockHeader (249 bytes)
Event: 240.599 Thread 0x00007ff2bc843000 nmethod 4991 0x00000001138c2710 code [0x00000001138c29c0, 0x00000001138c36b8]
Event: 246.280 Thread 0x00007ff2bc843000 4992       1       java.util.concurrent.locks.AbstractQueuedSynchronizer$ConditionObject::awaitNanos (156 bytes)
Event: 246.282 Thread 0x00007ff2bc843000 nmethod 4992 0x00000001138c4790 code [0x00000001138c49c0, 0x00000001138c5178]
Event: 250.893 Thread 0x00007ff2bc843000 4993       1       java.util.LinkedList::poll (19 bytes)
Event: 250.894 Thread 0x00007ff2bc843000 nmethod 4993 0x00000001138c58d0 code [0x00000001138c5a40, 0x00000001138c5b88]

GC Heap History (10 events):
Event: 2.119 GC heap before
{Heap before GC invocations=7 (full 1):
 PSYoungGen      total 141824K, used 131679K [0x000000076ab00000, 0x0000000779b80000, 0x00000007c0000000)
  eden space 131072K, 92% used [0x000000076ab00000,0x00000007721cb970,0x0000000772b00000)
  from space 10752K, 93% used [0x0000000772b00000,0x00000007734cc4b8,0x0000000773580000)
  to   space 12288K, 0% used [0x0000000778f80000,0x0000000778f80000,0x0000000779b80000)
 ParOldGen       total 90624K, used 6150K [0x00000006c0000000, 0x00000006c5880000, 0x000000076ab00000)
  object space 90624K, 6% used [0x00000006c0000000,0x00000006c0601b80,0x00000006c5880000)
 Metaspace       used 33669K, capacity 35476K, committed 35496K, reserved 1079296K
  class space    used 4766K, capacity 5158K, committed 5168K, reserved 1048576K
Event: 2.129 GC heap after
Heap after GC invocations=7 (full 1):
 PSYoungGen      total 227840K, used 12281K [0x000000076ab00000, 0x0000000779b80000, 0x00000007c0000000)
  eden space 215552K, 0% used [0x000000076ab00000,0x000000076ab00000,0x0000000777d80000)
  from space 12288K, 99% used [0x0000000778f80000,0x0000000779b7e750,0x0000000779b80000)
  to   space 14848K, 0% used [0x0000000777e80000,0x0000000777e80000,0x0000000778d00000)
 ParOldGen       total 90624K, used 8243K [0x00000006c0000000, 0x00000006c5880000, 0x000000076ab00000)
  object space 90624K, 9% used [0x00000006c0000000,0x00000006c080cfe0,0x00000006c5880000)
 Metaspace       used 33669K, capacity 35476K, committed 35496K, reserved 1079296K
  class space    used 4766K, capacity 5158K, committed 5168K, reserved 1048576K
}
Event: 2.129 GC heap before
{Heap before GC invocations=8 (full 2):
 PSYoungGen      total 227840K, used 12281K [0x000000076ab00000, 0x0000000779b80000, 0x00000007c0000000)
  eden space 215552K, 0% used [0x000000076ab00000,0x000000076ab00000,0x0000000777d80000)
  from space 12288K, 99% used [0x0000000778f80000,0x0000000779b7e750,0x0000000779b80000)
  to   space 14848K, 0% used [0x0000000777e80000,0x0000000777e80000,0x0000000778d00000)
 ParOldGen       total 90624K, used 8243K [0x00000006c0000000, 0x00000006c5880000, 0x000000076ab00000)
  object space 90624K, 9% used [0x00000006c0000000,0x00000006c080cfe0,0x00000006c5880000)
 Metaspace       used 33669K, capacity 35476K, committed 35496K, reserved 1079296K
  class space    used 4766K, capacity 5158K, committed 5168K, reserved 1048576K
Event: 2.198 GC heap after
Heap after GC invocations=8 (full 2):
 PSYoungGen      total 227840K, used 0K [0x000000076ab00000, 0x0000000779b80000, 0x00000007c0000000)
  eden space 215552K, 0% used [0x000000076ab00000,0x000000076ab00000,0x0000000777d80000)
  from space 12288K, 0% used [0x0000000778f80000,0x0000000778f80000,0x0000000779b80000)
  to   space 14848K, 0% used [0x0000000777e80000,0x0000000777e80000,0x0000000778d00000)
 ParOldGen       total 145920K, used 18886K [0x00000006c0000000, 0x00000006c8e80000, 0x000000076ab00000)
  object space 145920K, 12% used [0x00000006c0000000,0x00000006c1271a80,0x00000006c8e80000)
 Metaspace       used 33669K, capacity 35476K, committed 35496K, reserved 1079296K
  class space    used 4766K, capacity 5158K, committed 5168K, reserved 1048576K
}
Event: 3.006 GC heap before
{Heap before GC invocations=9 (full 2):
 PSYoungGen      total 227840K, used 215552K [0x000000076ab00000, 0x0000000779b80000, 0x00000007c0000000)
  eden space 215552K, 100% used [0x000000076ab00000,0x0000000777d80000,0x0000000777d80000)
  from space 12288K, 0% used [0x0000000778f80000,0x0000000778f80000,0x0000000779b80000)
  to   space 14848K, 0% used [0x0000000777e80000,0x0000000777e80000,0x0000000778d00000)
 ParOldGen       total 145920K, used 18886K [0x00000006c0000000, 0x00000006c8e80000, 0x000000076ab00000)
  object space 145920K, 12% used [0x00000006c0000000,0x00000006c1271a80,0x00000006c8e80000)
 Metaspace       used 43529K, capacity 46064K, committed 46256K, reserved 1089536K
  class space    used 6223K, capacity 6712K, committed 6832K, reserved 1048576K
Event: 3.015 GC heap after
Heap after GC invocations=9 (full 2):
 PSYoungGen      total 231424K, used 12460K [0x000000076ab00000, 0x000000077fd00000, 0x00000007c0000000)
  eden space 216576K, 0% used [0x000000076ab00000,0x000000076ab00000,0x0000000777e80000)
  from space 14848K, 83% used [0x0000000777e80000,0x0000000778aab110,0x0000000778d00000)
  to   space 15872K, 0% used [0x000000077ed80000,0x000000077ed80000,0x000000077fd00000)
 ParOldGen       total 145920K, used 18894K [0x00000006c0000000, 0x00000006c8e80000, 0x000000076ab00000)
  object space 145920K, 12% used [0x00000006c0000000,0x00000006c1273a80,0x00000006c8e80000)
 Metaspace       used 43529K, capacity 46064K, committed 46256K, reserved 1089536K
  class space    used 6223K, capacity 6712K, committed 6832K, reserved 1048576K
}
Event: 3.895 GC heap before
{Heap before GC invocations=10 (full 2):
 PSYoungGen      total 231424K, used 184869K [0x000000076ab00000, 0x000000077fd00000, 0x00000007c0000000)
  eden space 216576K, 79% used [0x000000076ab00000,0x000000077535e508,0x0000000777e80000)
  from space 14848K, 83% used [0x0000000777e80000,0x0000000778aab110,0x0000000778d00000)
  to   space 15872K, 0% used [0x000000077ed80000,0x000000077ed80000,0x000000077fd00000)
 ParOldGen       total 145920K, used 18894K [0x00000006c0000000, 0x00000006c8e80000, 0x000000076ab00000)
  object space 145920K, 12% used [0x00000006c0000000,0x00000006c1273a80,0x00000006c8e80000)
 Metaspace       used 55969K, capacity 59130K, committed 59160K, reserved 1099776K
  class space    used 8157K, capacity 8733K, committed 8752K, reserved 1048576K
Event: 3.908 GC heap after
Heap after GC invocations=10 (full 2):
 PSYoungGen      total 323584K, used 15865K [0x000000076ab00000, 0x000000077fd00000, 0x00000007c0000000)
  eden space 307712K, 0% used [0x000000076ab00000,0x000000076ab00000,0x000000077d780000)
  from space 15872K, 99% used [0x000000077ed80000,0x000000077fcfe440,0x000000077fd00000)
  to   space 18944K, 0% used [0x000000077d800000,0x000000077d800000,0x000000077ea80000)
 ParOldGen       total 145920K, used 21035K [0x00000006c0000000, 0x00000006c8e80000, 0x000000076ab00000)
  object space 145920K, 14% used [0x00000006c0000000,0x00000006c148afc0,0x00000006c8e80000)
 Metaspace       used 55969K, capacity 59130K, committed 59160K, reserved 1099776K
  class space    used 8157K, capacity 8733K, committed 8752K, reserved 1048576K
}
Event: 3.908 GC heap before
{Heap before GC invocations=11 (full 3):
 PSYoungGen      total 323584K, used 15865K [0x000000076ab00000, 0x000000077fd00000, 0x00000007c0000000)
  eden space 307712K, 0% used [0x000000076ab00000,0x000000076ab00000,0x000000077d780000)
  from space 15872K, 99% used [0x000000077ed80000,0x000000077fcfe440,0x000000077fd00000)
  to   space 18944K, 0% used [0x000000077d800000,0x000000077d800000,0x000000077ea80000)
 ParOldGen       total 145920K, used 21035K [0x00000006c0000000, 0x00000006c8e80000, 0x000000076ab00000)
  object space 145920K, 14% used [0x00000006c0000000,0x00000006c148afc0,0x00000006c8e80000)
 Metaspace       used 55969K, capacity 59130K, committed 59160K, reserved 1099776K
  class space    used 8157K, capacity 8733K, committed 8752K, reserved 1048576K
Event: 3.998 GC heap after
Heap after GC invocations=11 (full 3):
 PSYoungGen      total 323584K, used 0K [0x000000076ab00000, 0x000000077fd00000, 0x00000007c0000000)
  eden space 307712K, 0% used [0x000000076ab00000,0x000000076ab00000,0x000000077d780000)
  from space 15872K, 0% used [0x000000077ed80000,0x000000077ed80000,0x000000077fd00000)
  to   space 18944K, 0% used [0x000000077d800000,0x000000077d800000,0x000000077ea80000)
 ParOldGen       total 201728K, used 28606K [0x00000006c0000000, 0x00000006cc500000, 0x000000076ab00000)
  object space 201728K, 14% used [0x00000006c0000000,0x00000006c1bef9e8,0x00000006cc500000)
 Metaspace       used 55969K, capacity 59130K, committed 59160K, reserved 1099776K
  class space    used 8157K, capacity 8733K, committed 8752K, reserved 1048576K
}

Deoptimization events (0 events):
No events

Classes redefined (0 events):
No events

Internal exceptions (10 events):
Event: 5.280 Thread 0x00007ff2bedae800 Exception <a 'java/lang/ArrayIndexOutOfBoundsException'> (0x00000007763a2788) thrown at [/System/Volumes/Data/jenkins/workspace/8-2-build-macosx-x86_64/jdk8u301/1513/hotspot/src/share/vm/runtime/sharedRuntime.cpp, line 609]
Event: 5.280 Thread 0x00007ff2bedae800 Exception <a 'java/lang/ArrayIndexOutOfBoundsException'> (0x00000007763a5ce8) thrown at [/System/Volumes/Data/jenkins/workspace/8-2-build-macosx-x86_64/jdk8u301/1513/hotspot/src/share/vm/runtime/sharedRuntime.cpp, line 609]
Event: 5.280 Thread 0x00007ff2bedae800 Exception <a 'java/lang/ArrayIndexOutOfBoundsException'> (0x00000007763a86a0) thrown at [/System/Volumes/Data/jenkins/workspace/8-2-build-macosx-x86_64/jdk8u301/1513/hotspot/src/share/vm/runtime/sharedRuntime.cpp, line 609]
Event: 5.280 Thread 0x00007ff2bedae800 Exception <a 'java/lang/ArrayIndexOutOfBoundsException'> (0x00000007763a9f68) thrown at [/System/Volumes/Data/jenkins/workspace/8-2-build-macosx-x86_64/jdk8u301/1513/hotspot/src/share/vm/runtime/sharedRuntime.cpp, line 609]
Event: 5.280 Thread 0x00007ff2bedae800 Exception <a 'java/lang/ArrayIndexOutOfBoundsException'> (0x00000007763ad230) thrown at [/System/Volumes/Data/jenkins/workspace/8-2-build-macosx-x86_64/jdk8u301/1513/hotspot/src/share/vm/runtime/sharedRuntime.cpp, line 609]
Event: 5.280 Thread 0x00007ff2bedae800 Exception <a 'java/lang/ArrayIndexOutOfBoundsException'> (0x00000007763b1a60) thrown at [/System/Volumes/Data/jenkins/workspace/8-2-build-macosx-x86_64/jdk8u301/1513/hotspot/src/share/vm/runtime/sharedRuntime.cpp, line 609]
Event: 5.281 Thread 0x00007ff2bedae800 Exception <a 'java/lang/ArrayIndexOutOfBoundsException'> (0x00000007763b3d38) thrown at [/System/Volumes/Data/jenkins/workspace/8-2-build-macosx-x86_64/jdk8u301/1513/hotspot/src/share/vm/runtime/sharedRuntime.cpp, line 609]
Event: 5.281 Thread 0x00007ff2bedae800 Exception <a 'java/lang/ArrayIndexOutOfBoundsException'> (0x00000007763b6dc0) thrown at [/System/Volumes/Data/jenkins/workspace/8-2-build-macosx-x86_64/jdk8u301/1513/hotspot/src/share/vm/runtime/sharedRuntime.cpp, line 609]
Event: 5.296 Thread 0x00007ff2bedae800 Exception <a 'java/lang/ArrayIndexOutOfBoundsException'> (0x0000000776c928d0) thrown at [/System/Volumes/Data/jenkins/workspace/8-2-build-macosx-x86_64/jdk8u301/1513/hotspot/src/share/vm/runtime/sharedRuntime.cpp, line 609]
Event: 5.298 Thread 0x00007ff2bedae800 Exception <a 'java/lang/ArrayIndexOutOfBoundsException'> (0x0000000776cb6638) thrown at [/System/Volumes/Data/jenkins/workspace/8-2-build-macosx-x86_64/jdk8u301/1513/hotspot/src/share/vm/runtime/sharedRuntime.cpp, line 609]

Events (10 events):
Event: 12.655 loading class org/apache/tomcat/PeriodicEventListener done
Event: 30.545 loading class sun/net/ResourceManager
Event: 30.545 loading class sun/net/ResourceManager done
Event: 90.552 Thread 0x00007ff2bedad000 Thread exited: 0x00007ff2bedad000
Event: 90.552 Thread 0x00007ff2bc87c800 Thread exited: 0x00007ff2bc87c800
Event: 90.552 Thread 0x00007ff2bbb87000 Thread exited: 0x00007ff2bbb87000
Event: 90.552 Thread 0x00007ff2bf801800 Thread exited: 0x00007ff2bf801800
Event: 90.568 Thread 0x00007ff2bd18e000 Thread exited: 0x00007ff2bd18e000
Event: 90.568 Thread 0x00007ff2c001a800 Thread exited: 0x00007ff2c001a800
Event: 90.568 Thread 0x00007ff2be99b800 Thread exited: 0x00007ff2be99b800


Dynamic libraries:
0x00007fff32486000 	/System/Library/Frameworks/Cocoa.framework/Versions/A/Cocoa
0x00007fff3e256000 	/System/Library/Frameworks/Security.framework/Versions/A/Security
0x00007fff31118000 	/System/Library/Frameworks/ApplicationServices.framework/Versions/A/ApplicationServices
0x00007fff5e4b1000 	/usr/lib/libz.1.dylib
0x00007fff5be07000 	/usr/lib/libSystem.B.dylib
0x00007fff32cfb000 	/System/Library/Frameworks/CoreFoundation.framework/Versions/A/CoreFoundation
0x00007fff34f83000 	/System/Library/Frameworks/Foundation.framework/Versions/C/Foundation
0x00007fff5d641000 	/usr/lib/libobjc.A.dylib
0x00007fff30311000 	/System/Library/Frameworks/AppKit.framework/Versions/C/AppKit
0x00007fff32884000 	/System/Library/Frameworks/CoreData.framework/Versions/A/CoreData
0x00007fff558cc000 	/System/Library/PrivateFrameworks/RemoteViewServices.framework/Versions/A/RemoteViewServices
0x00007fff59b43000 	/System/Library/PrivateFrameworks/UIFoundation.framework/Versions/A/UIFoundation
0x00007fff5b228000 	/System/Library/PrivateFrameworks/XCTTargetBootstrap.framework/Versions/A/XCTTargetBootstrap
0x00007fff32c0a000 	/System/Library/Frameworks/CoreDisplay.framework/Versions/A/CoreDisplay
0x00007fff50486000 	/System/Library/PrivateFrameworks/IconServices.framework/Versions/A/IconServices
0x00007fff378ba000 	/System/Library/Frameworks/Metal.framework/Versions/A/Metal
0x00007fff479c4000 	/System/Library/PrivateFrameworks/DesktopServicesPriv.framework/Versions/A/DesktopServicesPriv
0x00007fff5c9a4000 	/usr/lib/libenergytrace.dylib
0x00007fff5802b000 	/System/Library/PrivateFrameworks/SkyLight.framework/Versions/A/SkyLight
0x00007fff33143000 	/System/Library/Frameworks/CoreGraphics.framework/Versions/A/CoreGraphics
0x00007fff2f0dd000 	/System/Library/Frameworks/Accelerate.framework/Versions/A/Accelerate
0x00007fff356cd000 	/System/Library/Frameworks/IOSurface.framework/Versions/A/IOSurface
0x00007fff47830000 	/System/Library/PrivateFrameworks/DFRFoundation.framework/Versions/A/DFRFoundation
0x00007fff315fb000 	/System/Library/Frameworks/AudioToolbox.framework/Versions/A/AudioToolbox
0x00007fff31874000 	/System/Library/Frameworks/AudioUnit.framework/Versions/A/AudioUnit
0x00007fff478c5000 	/System/Library/PrivateFrameworks/DataDetectorsCore.framework/Versions/A/DataDetectorsCore
0x00007fff31f89000 	/System/Library/Frameworks/Carbon.framework/Versions/A/Frameworks/HIToolbox.framework/Versions/A/HIToolbox
0x00007fff5cafd000 	/usr/lib/libicucore.A.dylib
0x00007fff3d7c7000 	/System/Library/Frameworks/QuartzCore.framework/Versions/A/QuartzCore
0x00007fff3235e000 	/System/Library/Frameworks/Carbon.framework/Versions/A/Frameworks/SpeechRecognition.framework/Versions/A/SpeechRecognition
0x00007fff5bf5b000 	/usr/lib/libauto.dylib
0x00007fff5e3a4000 	/usr/lib/libxml2.2.dylib
0x00007fff4740b000 	/System/Library/PrivateFrameworks/CoreUI.framework/Versions/A/CoreUI
0x00007fff3276f000 	/System/Library/Frameworks/CoreAudio.framework/Versions/A/CoreAudio
0x00007fff34db7000 	/System/Library/Frameworks/DiskArbitration.framework/Versions/A/DiskArbitration
0x00007fff5cdab000 	/usr/lib/liblangid.dylib
0x00007fff51a0e000 	/System/Library/PrivateFrameworks/MultitouchSupport.framework/Versions/A/MultitouchSupport
0x00007fff3563c000 	/System/Library/Frameworks/IOKit.framework/Versions/A/IOKit
0x00007fff5b9c7000 	/usr/lib/libDiagnosticMessagesClient.dylib
0x00007fff33f53000 	/System/Library/Frameworks/CoreServices.framework/Versions/A/CoreServices
0x00007fff536cb000 	/System/Library/PrivateFrameworks/PerformanceAnalysis.framework/Versions/A/PerformanceAnalysis
0x00007fff3c9ae000 	/System/Library/Frameworks/OpenGL.framework/Versions/A/OpenGL
0x00007fff32494000 	/System/Library/Frameworks/ColorSync.framework/Versions/A/ColorSync
0x00007fff337d5000 	/System/Library/Frameworks/CoreImage.framework/Versions/A/CoreImage
0x00007fff3492b000 	/System/Library/Frameworks/CoreText.framework/Versions/A/CoreText
0x00007fff35730000 	/System/Library/Frameworks/ImageIO.framework/Versions/A/ImageIO
0x00007fff43a5b000 	/System/Library/PrivateFrameworks/Backup.framework/Versions/A/Backup
0x00007fff5beae000 	/usr/lib/libarchive.2.dylib
0x00007fff31bcd000 	/System/Library/Frameworks/CFNetwork.framework/Versions/A/CFNetwork
0x00007fff3e9b3000 	/System/Library/Frameworks/SystemConfiguration.framework/Versions/A/SystemConfiguration
0x00007fff5b8f8000 	/usr/lib/libCRFSuite.dylib
0x00007fff5c04c000 	/usr/lib/libc++.1.dylib
0x00007fff5c0a0000 	/usr/lib/libc++abi.dylib
0x00007fff5eca7000 	/usr/lib/system/libcache.dylib
0x00007fff5ecac000 	/usr/lib/system/libcommonCrypto.dylib
0x00007fff5ecb7000 	/usr/lib/system/libcompiler_rt.dylib
0x00007fff5ecbf000 	/usr/lib/system/libcopyfile.dylib
0x00007fff5ecc9000 	/usr/lib/system/libcorecrypto.dylib
0x00007fff5edd5000 	/usr/lib/system/libdispatch.dylib
0x00007fff5ee0f000 	/usr/lib/system/libdyld.dylib
0x00007fff5ee3c000 	/usr/lib/system/libkeymgr.dylib
0x00007fff5ee4a000 	/usr/lib/system/liblaunch.dylib
0x00007fff5ee4b000 	/usr/lib/system/libmacho.dylib
0x00007fff5ee51000 	/usr/lib/system/libquarantine.dylib
0x00007fff5ee54000 	/usr/lib/system/libremovefile.dylib
0x00007fff5ee56000 	/usr/lib/system/libsystem_asl.dylib
0x00007fff5ee6e000 	/usr/lib/system/libsystem_blocks.dylib
0x00007fff5ee6f000 	/usr/lib/system/libsystem_c.dylib
0x00007fff5eef7000 	/usr/lib/system/libsystem_configuration.dylib
0x00007fff5eefb000 	/usr/lib/system/libsystem_coreservices.dylib
0x00007fff5eeff000 	/usr/lib/system/libsystem_darwin.dylib
0x00007fff5ef06000 	/usr/lib/system/libsystem_dnssd.dylib
0x00007fff5ef0d000 	/usr/lib/system/libsystem_info.dylib
0x00007fff5ef82000 	/usr/lib/system/libsystem_m.dylib
0x00007fff5efce000 	/usr/lib/system/libsystem_malloc.dylib
0x00007fff5eff9000 	/usr/lib/system/libsystem_networkextension.dylib
0x00007fff5f004000 	/usr/lib/system/libsystem_notify.dylib
0x00007fff5f021000 	/usr/lib/system/libsystem_sandbox.dylib
0x00007fff5f025000 	/usr/lib/system/libsystem_secinit.dylib
0x00007fff5ef59000 	/usr/lib/system/libsystem_kernel.dylib
0x00007fff5f00c000 	/usr/lib/system/libsystem_platform.dylib
0x00007fff5f016000 	/usr/lib/system/libsystem_pthread.dylib
0x00007fff5f028000 	/usr/lib/system/libsystem_symptoms.dylib
0x00007fff5f030000 	/usr/lib/system/libsystem_trace.dylib
0x00007fff5f047000 	/usr/lib/system/libunwind.dylib
0x00007fff5f04d000 	/usr/lib/system/libxpc.dylib
0x00007fff5c02d000 	/usr/lib/libbsm.0.dylib
0x00007fff5ee3d000 	/usr/lib/system/libkxld.dylib
0x00007fff42e4b000 	/System/Library/PrivateFrameworks/AppleFSCompression.framework/Versions/A/AppleFSCompression
0x00007fff5bcc7000 	/usr/lib/libOpenScriptingUtil.dylib
0x00007fff5c355000 	/usr/lib/libcoretls.dylib
0x00007fff5c36c000 	/usr/lib/libcoretls_cfhelpers.dylib
0x00007fff5ddd8000 	/usr/lib/libpam.2.dylib
0x00007fff5df98000 	/usr/lib/libsqlite3.dylib
0x00007fff5e392000 	/usr/lib/libxar.1.dylib
0x00007fff5c03e000 	/usr/lib/libbz2.1.0.dylib
0x00007fff5cdad000 	/usr/lib/liblzma.5.dylib
0x00007fff5d25e000 	/usr/lib/libnetwork.dylib
0x00007fff5be97000 	/usr/lib/libapple_nghttp2.dylib
0x00007fff5dddf000 	/usr/lib/libpcap.A.dylib
0x00007fff342f2000 	/System/Library/Frameworks/CoreServices.framework/Versions/A/Frameworks/FSEvents.framework/Versions/A/FSEvents
0x00007fff33fd1000 	/System/Library/Frameworks/CoreServices.framework/Versions/A/Frameworks/CarbonCore.framework/Versions/A/CarbonCore
0x00007fff344ad000 	/System/Library/Frameworks/CoreServices.framework/Versions/A/Frameworks/Metadata.framework/Versions/A/Metadata
0x00007fff3454c000 	/System/Library/Frameworks/CoreServices.framework/Versions/A/Frameworks/OSServices.framework/Versions/A/OSServices
0x00007fff34597000 	/System/Library/Frameworks/CoreServices.framework/Versions/A/Frameworks/SearchKit.framework/Versions/A/SearchKit
0x00007fff33f54000 	/System/Library/Frameworks/CoreServices.framework/Versions/A/Frameworks/AE.framework/Versions/A/AE
0x00007fff342fb000 	/System/Library/Frameworks/CoreServices.framework/Versions/A/Frameworks/LaunchServices.framework/Versions/A/LaunchServices
0x00007fff342a9000 	/System/Library/Frameworks/CoreServices.framework/Versions/A/Frameworks/DictionaryServices.framework/Versions/A/DictionaryServices
0x00007fff345ff000 	/System/Library/Frameworks/CoreServices.framework/Versions/A/Frameworks/SharedFileList.framework/Versions/A/SharedFileList
0x00007fff38989000 	/System/Library/Frameworks/NetFS.framework/Versions/A/NetFS
0x00007fff51c74000 	/System/Library/PrivateFrameworks/NetAuth.framework/Versions/A/NetAuth
0x00007fff5b62c000 	/System/Library/PrivateFrameworks/login.framework/Versions/A/Frameworks/loginsupport.framework/Versions/A/loginsupport
0x00007fff5974c000 	/System/Library/PrivateFrameworks/TCC.framework/Versions/A/TCC
0x00007fff46a68000 	/System/Library/PrivateFrameworks/CoreNLP.framework/Versions/A/CoreNLP
0x00007fff5158d000 	/System/Library/PrivateFrameworks/MetadataUtilities.framework/Versions/A/MetadataUtilities
0x00007fff5ce82000 	/usr/lib/libmecabra.dylib
0x00007fff31119000 	/System/Library/Frameworks/ApplicationServices.framework/Versions/A/Frameworks/ATS.framework/Versions/A/ATS
0x00007fff31468000 	/System/Library/Frameworks/ApplicationServices.framework/Versions/A/Frameworks/ColorSyncLegacy.framework/Versions/A/ColorSyncLegacy
0x00007fff31507000 	/System/Library/Frameworks/ApplicationServices.framework/Versions/A/Frameworks/HIServices.framework/Versions/A/HIServices
0x00007fff3155a000 	/System/Library/Frameworks/ApplicationServices.framework/Versions/A/Frameworks/LangAnalysis.framework/Versions/A/LangAnalysis
0x00007fff3156a000 	/System/Library/Frameworks/ApplicationServices.framework/Versions/A/Frameworks/PrintCore.framework/Versions/A/PrintCore
0x00007fff315b4000 	/System/Library/Frameworks/ApplicationServices.framework/Versions/A/Frameworks/QD.framework/Versions/A/QD
0x00007fff315ee000 	/System/Library/Frameworks/ApplicationServices.framework/Versions/A/Frameworks/SpeechSynthesis.framework/Versions/A/SpeechSynthesis
0x00007fff5c0c8000 	/usr/lib/libcompression.dylib
0x00007fff37b8a000 	/System/Library/Frameworks/MetalPerformanceShaders.framework/Versions/A/MetalPerformanceShaders
0x00007fff2f0f5000 	/System/Library/Frameworks/Accelerate.framework/Versions/A/Frameworks/vImage.framework/Versions/A/vImage
0x00007fff3016f000 	/System/Library/Frameworks/Accelerate.framework/Versions/A/Frameworks/vecLib.framework/Versions/A/vecLib
0x00007fff300bb000 	/System/Library/Frameworks/Accelerate.framework/Versions/A/Frameworks/vecLib.framework/Versions/A/libvMisc.dylib
0x00007fff2fed3000 	/System/Library/Frameworks/Accelerate.framework/Versions/A/Frameworks/vecLib.framework/Versions/A/libvDSP.dylib
0x00007fff2f78f000 	/System/Library/Frameworks/Accelerate.framework/Versions/A/Frameworks/vecLib.framework/Versions/A/libBLAS.dylib
0x00007fff2fa7c000 	/System/Library/Frameworks/Accelerate.framework/Versions/A/Frameworks/vecLib.framework/Versions/A/libLAPACK.dylib
0x00007fff2fe26000 	/System/Library/Frameworks/Accelerate.framework/Versions/A/Frameworks/vecLib.framework/Versions/A/libLinearAlgebra.dylib
0x00007fff2febf000 	/System/Library/Frameworks/Accelerate.framework/Versions/A/Frameworks/vecLib.framework/Versions/A/libSparseBLAS.dylib
0x00007fff2fe3c000 	/System/Library/Frameworks/Accelerate.framework/Versions/A/Frameworks/vecLib.framework/Versions/A/libQuadrature.dylib
0x00007fff2fa09000 	/System/Library/Frameworks/Accelerate.framework/Versions/A/Frameworks/vecLib.framework/Versions/A/libBNNS.dylib
0x00007fff2fe42000 	/System/Library/Frameworks/Accelerate.framework/Versions/A/Frameworks/vecLib.framework/Versions/A/libSparse.dylib
0x00007fff4ddb6000 	/System/Library/PrivateFrameworks/GPUWrangler.framework/Versions/A/GPUWrangler
0x00007fff500bb000 	/System/Library/PrivateFrameworks/IOAccelerator.framework/Versions/A/IOAccelerator
0x00007fff500c6000 	/System/Library/PrivateFrameworks/IOPresentment.framework/Versions/A/IOPresentment
0x00007fff47840000 	/System/Library/PrivateFrameworks/DSExternalDisplay.framework/Versions/A/DSExternalDisplay
0x00007fff3be05000 	/System/Library/Frameworks/OpenGL.framework/Versions/A/Libraries/libCoreFSCache.dylib
0x00007fff3797e000 	/System/Library/Frameworks/MetalPerformanceShaders.framework/Frameworks/MPSCore.framework/Versions/A/MPSCore
0x00007fff3799e000 	/System/Library/Frameworks/MetalPerformanceShaders.framework/Frameworks/MPSImage.framework/Versions/A/MPSImage
0x00007fff37a43000 	/System/Library/Frameworks/MetalPerformanceShaders.framework/Frameworks/MPSNeuralNetwork.framework/Versions/A/MPSNeuralNetwork
0x00007fff37a1b000 	/System/Library/Frameworks/MetalPerformanceShaders.framework/Frameworks/MPSMatrix.framework/Versions/A/MPSMatrix
0x00007fff37b6f000 	/System/Library/Frameworks/MetalPerformanceShaders.framework/Frameworks/MPSRayIntersector.framework/Versions/A/MPSRayIntersector
0x00007fff515b6000 	/System/Library/PrivateFrameworks/MetalTools.framework/Versions/A/MetalTools
0x00007fff42716000 	/System/Library/PrivateFrameworks/AggregateDictionary.framework/Versions/A/AggregateDictionary
0x00007fff5bca7000 	/usr/lib/libMobileGestalt.dylib
0x00007fff34a90000 	/System/Library/Frameworks/CoreVideo.framework/Versions/A/CoreVideo
0x00007fff4ebc7000 	/System/Library/PrivateFrameworks/GraphVisualizer.framework/Versions/A/GraphVisualizer
0x00007fff48a46000 	/System/Library/PrivateFrameworks/FaceCore.framework/Versions/A/FaceCore
0x00007fff3b433000 	/System/Library/Frameworks/OpenCL.framework/Versions/A/OpenCL
0x00007fff5b9ff000 	/usr/lib/libFosl_dynamic.dylib
0x00007fff524e0000 	/System/Library/PrivateFrameworks/OTSVG.framework/Versions/A/OTSVG
0x00007fff3121d000 	/System/Library/Frameworks/ApplicationServices.framework/Versions/A/Frameworks/ATS.framework/Versions/A/Resources/libFontParser.dylib
0x00007fff31335000 	/System/Library/Frameworks/ApplicationServices.framework/Versions/A/Frameworks/ATS.framework/Versions/A/Resources/libFontRegistry.dylib
0x00007fff359a0000 	/System/Library/Frameworks/ImageIO.framework/Versions/A/Resources/libJPEG.dylib
0x00007fff35cc5000 	/System/Library/Frameworks/ImageIO.framework/Versions/A/Resources/libTIFF.dylib
0x00007fff35c9b000 	/System/Library/Frameworks/ImageIO.framework/Versions/A/Resources/libPng.dylib
0x00007fff358be000 	/System/Library/Frameworks/ImageIO.framework/Versions/A/Resources/libGIF.dylib
0x00007fff358c3000 	/System/Library/Frameworks/ImageIO.framework/Versions/A/Resources/libJP2.dylib
0x00007fff35cc2000 	/System/Library/Frameworks/ImageIO.framework/Versions/A/Resources/libRadiance.dylib
0x00007fff42fa2000 	/System/Library/PrivateFrameworks/AppleJPEG.framework/Versions/A/AppleJPEG
0x00007fff3be10000 	/System/Library/Frameworks/OpenGL.framework/Versions/A/Libraries/libGFXShared.dylib
0x00007fff3bfd3000 	/System/Library/Frameworks/OpenGL.framework/Versions/A/Libraries/libGLU.dylib
0x00007fff3be19000 	/System/Library/Frameworks/OpenGL.framework/Versions/A/Libraries/libGL.dylib
0x00007fff3be25000 	/System/Library/Frameworks/OpenGL.framework/Versions/A/Libraries/libGLImage.dylib
0x00007fff3be02000 	/System/Library/Frameworks/OpenGL.framework/Versions/A/Libraries/libCVMSPluginSupport.dylib
0x00007fff3be0b000 	/System/Library/Frameworks/OpenGL.framework/Versions/A/Libraries/libCoreVMClient.dylib
0x00007fff5c819000 	/usr/lib/libcups.2.dylib
0x00007fff36e85000 	/System/Library/Frameworks/Kerberos.framework/Versions/A/Kerberos
0x00007fff353a0000 	/System/Library/Frameworks/GSS.framework/Versions/A/GSS
0x00007fff5df2d000 	/usr/lib/libresolv.9.dylib
0x00007fff5ca0c000 	/usr/lib/libiconv.2.dylib
0x00007fff4ed3c000 	/System/Library/PrivateFrameworks/Heimdal.framework/Versions/A/Heimdal
0x00007fff5c9dc000 	/usr/lib/libheimdal-asn1.dylib
0x00007fff3b4a7000 	/System/Library/Frameworks/OpenDirectory.framework/Versions/A/OpenDirectory
0x00007fff457cb000 	/System/Library/PrivateFrameworks/CommonAuth.framework/Versions/A/CommonAuth
0x00007fff3b48b000 	/System/Library/Frameworks/OpenDirectory.framework/Versions/A/Frameworks/CFOpenDirectory.framework/Versions/A/CFOpenDirectory
0x00007fff3e558000 	/System/Library/Frameworks/SecurityFoundation.framework/Versions/A/SecurityFoundation
0x00007fff41c5c000 	/System/Library/PrivateFrameworks/APFS.framework/Versions/A/APFS
0x00007fff5e38e000 	/usr/lib/libutil.dylib
0x00007fff5c0b6000 	/usr/lib/libcharset.1.dylib
0x00007fff4323f000 	/System/Library/PrivateFrameworks/AppleSauce.framework/Versions/A/AppleSauce
0x00007fff433c0000 	/System/Library/PrivateFrameworks/AssertionServices.framework/Versions/A/AssertionServices
0x00007fff43af1000 	/System/Library/PrivateFrameworks/BaseBoard.framework/Versions/A/BaseBoard
0x00007fff5cddd000 	/usr/lib/libmecab.1.0.0.dylib
0x00007fff5c9d6000 	/usr/lib/libgermantok.dylib
0x00007fff5be84000 	/usr/lib/libThaiTokenizer.dylib
0x00007fff5b92f000 	/usr/lib/libChineseTokenizer.dylib
0x00007fff50773000 	/System/Library/PrivateFrameworks/LanguageModeling.framework/Versions/A/LanguageModeling
0x00007fff464ad000 	/System/Library/PrivateFrameworks/CoreEmoji.framework/Versions/A/CoreEmoji
0x00007fff5084f000 	/System/Library/PrivateFrameworks/Lexicon.framework/Versions/A/Lexicon
0x00007fff50892000 	/System/Library/PrivateFrameworks/LinguisticData.framework/Versions/A/LinguisticData
0x00007fff5c0b7000 	/usr/lib/libcmph.dylib
0x00007fff3e616000 	/System/Library/Frameworks/ServiceManagement.framework/Versions/A/ServiceManagement
0x00007fff43a52000 	/System/Library/PrivateFrameworks/BackgroundTaskManagement.framework/Versions/A/BackgroundTaskManagement
0x00007fff5e488000 	/usr/lib/libxslt.1.dylib
0x00007fff3228b000 	/System/Library/Frameworks/Carbon.framework/Versions/A/Frameworks/Ink.framework/Versions/A/Ink
0x00007fff599be000 	/System/Library/PrivateFrameworks/TextureIO.framework/Versions/A/TextureIO
0x00007fff5bed8000 	/usr/lib/libate.dylib
0x00007fff4778f000 	/System/Library/PrivateFrameworks/CrashReporterSupport.framework/Versions/A/CrashReporterSupport
0x00007fff570f8000 	/System/Library/PrivateFrameworks/Sharing.framework/Versions/A/Sharing
0x00007fff437a4000 	/System/Library/PrivateFrameworks/AuthKit.framework/Versions/A/AuthKit
0x00007fff42cf7000 	/System/Library/PrivateFrameworks/Apple80211.framework/Versions/A/Apple80211
0x00007fff47537000 	/System/Library/PrivateFrameworks/CoreUtils.framework/Versions/A/CoreUtils
0x00007fff34ad1000 	/System/Library/Frameworks/CoreWLAN.framework/Versions/A/CoreWLAN
0x00007fff354cf000 	/System/Library/Frameworks/IOBluetooth.framework/Versions/A/IOBluetooth
0x00007fff5556c000 	/System/Library/PrivateFrameworks/ProtocolBuffer.framework/Versions/A/ProtocolBuffer
0x00007fff5196a000 	/System/Library/PrivateFrameworks/MobileKeyBag.framework/Versions/A/MobileKeyBag
0x00007fff46d7b000 	/System/Library/PrivateFrameworks/CorePhoneNumbers.framework/Versions/A/CorePhoneNumbers
0x00007fff42f56000 	/System/Library/PrivateFrameworks/AppleIDAuthSupport.framework/Versions/A/AppleIDAuthSupport
0x00007fff50746000 	/System/Library/PrivateFrameworks/KeychainCircle.framework/Versions/A/KeychainCircle
0x00007fff55722000 	/System/Library/PrivateFrameworks/ROCKit.framework/Versions/A/ROCKit
0x00007fff4772b000 	/System/Library/PrivateFrameworks/CoreWiFi.framework/Versions/A/CoreWiFi
0x00007fff32859000 	/System/Library/Frameworks/CoreBluetooth.framework/Versions/A/CoreBluetooth
0x00007fff47986000 	/System/Library/PrivateFrameworks/DebugSymbols.framework/Versions/A/DebugSymbols
0x00007fff472f7000 	/System/Library/PrivateFrameworks/CoreSymbolication.framework/Versions/A/CoreSymbolication
0x00007fff591db000 	/System/Library/PrivateFrameworks/Symbolication.framework/Versions/A/Symbolication
0x00007fff58a7e000 	/System/Library/PrivateFrameworks/SpeechRecognitionCore.framework/Versions/A/SpeechRecognitionCore
0x00007fff273f8000 	/System/Library/CoreServices/Encodings/libKoreanConverter.dylib
0x0000000106800000 	/Library/Java/JavaVirtualMachines/jdk1.8.0_301.jdk/Contents/Home/jre/lib/server/libjvm.dylib
0x0000000104ef7000 	/Library/Java/JavaVirtualMachines/jdk1.8.0_301.jdk/Contents/Home/jre/lib/libverify.dylib
0x0000000104f08000 	/Library/Java/JavaVirtualMachines/jdk1.8.0_301.jdk/Contents/Home/jre/lib/libjava.dylib
0x0000000104f85000 	/Library/Java/JavaVirtualMachines/jdk1.8.0_301.jdk/Contents/Home/jre/lib/libzip.dylib
0x0000000122da7000 	/Library/Java/JavaVirtualMachines/jdk1.8.0_301.jdk/Contents/Home/jre/lib/libmanagement.dylib
0x0000000122db9000 	/Library/Java/JavaVirtualMachines/jdk1.8.0_301.jdk/Contents/Home/jre/lib/libnet.dylib
0x0000000122e1b000 	/Library/Java/JavaVirtualMachines/jdk1.8.0_301.jdk/Contents/Home/jre/lib/libnio.dylib
0x000000012678b000 	/Library/Java/JavaVirtualMachines/jdk1.8.0_301.jdk/Contents/Home/jre/lib/libsunec.dylib

VM Arguments:
jvm_args: -Dcom.sun.management.jmxremote -Dcom.sun.management.jmxremote.port=50521 -Dcom.sun.management.jmxremote.authenticate=false -Dcom.sun.management.jmxremote.ssl=false -Djava.rmi.server.hostname=localhost -Dspring.jmx.enabled=true -Dspring.application.admin.enabled=true -Djava.security.egd=file:/dev/./urandom -XX:TieredStopAtLevel=1 -Dspring.boot.project.name=instagram -Dfile.encoding=UTF-8 
java_command: h.project.InstagramApplication --spring.output.ansi.enabled=always
java_class_path (initial): /Users/donghee/git/Instagram/bin/main:/Users/donghee/.gradle/caches/modules-2/files-2.1/org.projectlombok/lombok/1.18.20/18bcea7d5df4d49227b4a0743a536208ce4825bb/lombok-1.18.20.jar:/Users/donghee/.gradle/caches/modules-2/files-2.1/org.springframework.boot/spring-boot-starter-amqp/2.5.3/e988df1ddc98d9df3b556dd7c10fea0cf58ea840/spring-boot-starter-amqp-2.5.3.jar:/Users/donghee/.gradle/caches/modules-2/files-2.1/org.springframework.boot/spring-boot-starter-data-jdbc/2.5.3/667ea39ce70dcb6a375ceabd36f7e9b2f16d144c/spring-boot-starter-data-jdbc-2.5.3.jar:/Users/donghee/.gradle/caches/modules-2/files-2.1/org.springframework.boot/spring-boot-starter-data-redis/2.5.3/843de62fc89f04988d544f3bf598ae1f2429db63/spring-boot-starter-data-redis-2.5.3.jar:/Users/donghee/.gradle/caches/modules-2/files-2.1/org.mybatis.spring.boot/mybatis-spring-boot-starter/2.2.0/1543d9566e2acaa7230cd8996237a291603ac21f/mybatis-spring-boot-starter-2.2.0.jar:/Users/donghee/.gradle/caches/modules-2/files-2.1/org.springframework.boot/spring-boot-starter-data-jpa/2.5.3/6e57512b8907710566daf2b246c724de3e38ad14/spring-boot-starter-data-jpa-2.5.3.jar:/Users/donghee/.gradle/caches/modules-2/files-2.1/org.springframework.boot/spring-boot-starter-jdbc/2.5.3/ffc2a4b05d901775e5a96cc73450a1d072baecfa/spring-boot-starter-jdbc-2.5.3.jar:/Users/donghee/.gradle/caches/modules-2/files-2.1/org.springframework.boot/spring-boot-starter-oauth2-client/2.5.3/8c58f7ad8eb911eba922ab6911743ad27eaa5142/spring-boot-starter-oauth2-client-2.5.3.jar:/Users/donghee/.gradle/caches/modules-2/files-2.1/org.springframework.boot/spring-boot-starter-quartz/2.5.3/6a399a02d25d2bdf22dc53eeca24492dce475724/spring-boot-starter-quartz-2.5.3.jar:/Users/donghee/.gradle/caches/modules-2/files-2.1/org.springframework.boot/spring-boot-starter-security/2.5.3/f0b59a90ac52008f7cab9c30ca56cba5624f1f4a/spring-boot-starter-security-2.5.3.jar:/Users/donghee/.gradle/caches/modules-2/files-2.1/org.springframework.boot/spring-boot-
Launcher Type: SUN_STANDARD

Environment Variables:
PATH=/usr/bin:/bin:/usr/sbin:/sbin
SHELL=/bin/bash

Signal Handlers:
SIGSEGV: [libjvm.dylib+0x59bf91], sa_mask[0]=11111111011111110111111111111111, sa_flags=SA_ONSTACK|SA_RESTART|SA_SIGINFO
SIGBUS: [libjvm.dylib+0x59bf91], sa_mask[0]=11111111011111110111111111111111, sa_flags=SA_RESTART|SA_SIGINFO
SIGFPE: [libjvm.dylib+0x48f9b7], sa_mask[0]=11111111011111110111111111111111, sa_flags=SA_RESTART|SA_SIGINFO
SIGPIPE: [libjvm.dylib+0x48f9b7], sa_mask[0]=11111111011111110111111111111111, sa_flags=SA_RESTART|SA_SIGINFO
SIGXFSZ: [libjvm.dylib+0x48f9b7], sa_mask[0]=11111111011111110111111111111111, sa_flags=SA_RESTART|SA_SIGINFO
SIGILL: [libjvm.dylib+0x48f9b7], sa_mask[0]=11111111011111110111111111111111, sa_flags=SA_RESTART|SA_SIGINFO
SIGUSR1: SIG_DFL, sa_mask[0]=00000000000000000000000000000000, sa_flags=none
SIGUSR2: [libjvm.dylib+0x4902a6], sa_mask[0]=00100000000000000000000000000000, sa_flags=SA_RESTART|SA_SIGINFO
SIGHUP: [libjvm.dylib+0x48e503], sa_mask[0]=11111111011111110111111111111111, sa_flags=SA_RESTART|SA_SIGINFO
SIGINT: [libjvm.dylib+0x48e503], sa_mask[0]=11111111011111110111111111111111, sa_flags=SA_RESTART|SA_SIGINFO
SIGTERM: [libjvm.dylib+0x48e503], sa_mask[0]=11111111011111110111111111111111, sa_flags=SA_RESTART|SA_SIGINFO
SIGQUIT: [libjvm.dylib+0x48e503], sa_mask[0]=11111111011111110111111111111111, sa_flags=SA_RESTART|SA_SIGINFO


---------------  S Y S T E M  ---------------

OS:Bsduname:Darwin 18.7.0 Darwin Kernel Version 18.7.0: Tue Jun 22 19:37:08 PDT 2021; root:xnu-4903.278.70~1/RELEASE_X86_64 x86_64
rlimit: STACK 8192k, CORE 0k, NPROC 1418, NOFILE 10240, AS infinity
load average:1.37 1.69 1.81

CPU:total 12 (initial active 12) (6 cores per cpu, 2 threads per core) family 6 model 158 stepping 10, cmov, cx8, fxsr, mmx, sse, sse2, sse3, ssse3, sse4.1, sse4.2, popcnt, avx, avx2, aes, clmul, erms, 3dnowpref, lzcnt, ht, tsc, tscinvbit, bmi1, bmi2, adx

Memory: 4k page, physical 16777216k(498944k free)

/proc/meminfo:


vm_info: Java HotSpot(TM) 64-Bit Server VM (25.301-b09) for bsd-amd64 JRE (1.8.0_301-b09), built on Jun  9 2021 14:35:36 by "java_re" with gcc 4.2.1 Compatible Apple LLVM 11.0.0 (clang-1100.0.33.17)

time: Sat Nov  6 14:52:20 2021
timezone: KST
elapsed time: 252.692458 seconds (0d 0h 4m 12s)

